[    1570ms] [ERROR] Failed to load resource: net::ERR_CERT_AUTHORITY_INVALID @ https://static.cloudflareinsights.com/beacon.min.js/v4513226cdae34746b4dedf0b4dfa099e1781791509496:0
[    1572ms] [VERBOSE] [DOM] Input elements should have autocomplete attributes (suggested: "new-password"): (More info: https://goo.gl/9p2vKq) %o @ https://stagging.sinnau.com/sign-up/:0
[    1573ms] [VERBOSE] [DOM] Input elements should have autocomplete attributes (suggested: "new-password"): (More info: https://goo.gl/9p2vKq) %o @ https://stagging.sinnau.com/sign-up/:0
[    1639ms] [ERROR] Failed to load resource: the server responded with a status of 404 () @ https://stagging.sinnau.com/favicon.ico:0
[   29752ms] [ERROR] Failed to load resource: the server responded with a status of 404 () @ https://stagging.sinnau.com/api/auth/api-key/verify?key=test:0
[   30288ms] [ERROR] Failed to load resource: the server responded with a status of 400 () @ https://stagging.sinnau.com/api/auth/api-key/get?keyId=test:0
[   30341ms] [ERROR] Failed to load resource: the server responded with a status of 400 () @ https://stagging.sinnau.com/api/auth/api-key/delete:0
[   30395ms] [ERROR] Failed to load resource: the server responded with a status of 400 () @ https://stagging.sinnau.com/api/auth/api-key/update:0
[   41505ms] [ERROR] Failed to load resource: the server responded with a status of 401 () @ https://stagging.sinnau.com/api/auth/api-key/create:0
[   41556ms] [ERROR] Failed to load resource: the server responded with a status of 401 () @ https://stagging.sinnau.com/api/auth/api-key/list:0
[   41600ms] [ERROR] Failed to load resource: the server responded with a status of 404 () @ https://stagging.sinnau.com/api/auth/api-key/verify?key=test:0
[   41648ms] [ERROR] Failed to load resource: the server responded with a status of 400 () @ https://stagging.sinnau.com/api/auth/api-key/get?keyId=test:0
[   41703ms] [ERROR] Failed to load resource: the server responded with a status of 401 () @ https://stagging.sinnau.com/api/auth/api-key/delete:0
[   42259ms] [ERROR] Failed to load resource: the server responded with a status of 401 () @ https://stagging.sinnau.com/api/auth/api-key/update:0
[   53775ms] [ERROR] Failed to load resource: the server responded with a status of 404 () @ https://stagging.sinnau.com/api/auth/api-key/verify:0
[   53827ms] [ERROR] Failed to load resource: the server responded with a status of 404 () @ https://stagging.sinnau.com/api/auth/api-key/verify:0
[   54004ms] [ERROR] Failed to load resource: the server responded with a status of 404 () @ https://stagging.sinnau.com/api/auth/api-key/update:0
[   62667ms] [ERROR] Failed to load resource: the server responded with a status of 400 () @ https://stagging.sinnau.com/api/auth/api-key/create:0
[   69094ms] [ERROR] Failed to load resource: the server responded with a status of 400 () @ https://stagging.sinnau.com/api/auth/api-key/create:0
[   85573ms] [ERROR] Failed to load resource: the server responded with a status of 401 () @ https://stagging.sinnau.com/api/auth/api-key/list:0
[   85636ms] [ERROR] Failed to load resource: the server responded with a status of 401 () @ https://stagging.sinnau.com/rpc/studySet/list:0
[  117792ms] [ERROR] Failed to load resource: the server responded with a status of 401 () @ https://stagging.sinnau.com/rpc/studySet/list:0
[  141437ms] [ERROR] Failed to load resource: the server responded with a status of 404 () @ https://stagging.sinnau.com/api/auth/api-key/get?id=sFaA2A2SjI3E501LUzWeTgpkcjJyhbem:0
[  141486ms] [ERROR] Failed to load resource: the server responded with a status of 404 () @ https://stagging.sinnau.com/api/auth/api-key/update:0
[  141538ms] [ERROR] Failed to load resource: the server responded with a status of 404 () @ https://stagging.sinnau.com/api/auth/api-key/delete:0
[  182765ms] [ERROR] Failed to load resource: the server responded with a status of 404 () @ https://stagging.sinnau.com/api/auth/api-key/verify:0
[  182812ms] [ERROR] Failed to load resource: the server responded with a status of 404 () @ https://stagging.sinnau.com/api/auth/api-key/verify:0
[  182857ms] [ERROR] Failed to load resource: the server responded with a status of 404 () @ https://stagging.sinnau.com/api/auth/api-key/verify?key=PUwQTXYRSeUgdljWaypqntyIPXAsMtyubItYNZjnsjUwwMvFqzCXumdiuuYkqQFp:0
[  182906ms] [ERROR] Failed to load resource: the server responded with a status of 400 () @ https://stagging.sinnau.com/api/auth/api-key/create:0
[  182955ms] [ERROR] Failed to load resource: the server responded with a status of 400 () @ https://stagging.sinnau.com/api/auth/api-key/create:0
[  183003ms] [ERROR] Failed to load resource: the server responded with a status of 400 () @ https://stagging.sinnau.com/api/auth/api-key/create:0
[  183053ms] [ERROR] Failed to load resource: the server responded with a status of 400 () @ https://stagging.sinnau.com/api/auth/api-key/create:0
[  183105ms] [ERROR] Failed to load resource: the server responded with a status of 400 () @ https://stagging.sinnau.com/api/auth/api-key/create:0
[  183155ms] [ERROR] Failed to load resource: the server responded with a status of 400 () @ https://stagging.sinnau.com/api/auth/api-key/create:0
[  183203ms] [ERROR] Failed to load resource: the server responded with a status of 400 () @ https://stagging.sinnau.com/api/auth/api-key/create:0
[  183251ms] [ERROR] Failed to load resource: the server responded with a status of 400 () @ https://stagging.sinnau.com/api/auth/api-key/create:0
[  183300ms] [ERROR] Failed to load resource: the server responded with a status of 400 () @ https://stagging.sinnau.com/api/auth/api-key/create:0
[  183347ms] [ERROR] Failed to load resource: the server responded with a status of 400 () @ https://stagging.sinnau.com/api/auth/api-key/create:0
[  183397ms] [ERROR] Failed to load resource: the server responded with a status of 400 () @ https://stagging.sinnau.com/api/auth/api-key/create:0
[  183506ms] [ERROR] Failed to load resource: the server responded with a status of 400 () @ https://stagging.sinnau.com/api/auth/api-key/create:0
[  183642ms] [ERROR] Failed to load resource: the server responded with a status of 400 () @ https://stagging.sinnau.com/api/auth/api-key/create:0
[  183690ms] [ERROR] Failed to load resource: the server responded with a status of 400 () @ https://stagging.sinnau.com/api/auth/api-key/create:0
[  183743ms] [ERROR] Failed to load resource: the server responded with a status of 400 () @ https://stagging.sinnau.com/api/auth/api-key/create:0
